false	0.1126
false	0.4181
false	0.3295
false	0.2626
false	0.1066
false	0.2307
false	0.3536
false	0.2543
false	0.3097
false	0.1056
false	0.0898
false	0.4839
false	0.1541
false	0.2432
false	0.3473
false	0.2919
false	0.1514
false	0.1903
false	0.3487
false	0.3146
true	0.7119
false	0.0508
false	0.2022
false	0.2549
false	0.4990
false	0.2723
false	0.3440
false	0.3494
false	0.4908
false	0.3130
true	0.5050
false	0.2519
false	0.3280
false	0.2594
false	0.3424
false	0.4922
false	0.3946
false	0.3963
false	0.4933
false	0.4247
false	0.4040
false	0.4013
false	0.3525
true	0.5763
false	0.3756
false	0.4285
true	0.5466
false	0.1574
false	0.3522
false	0.4414
false	0.2606
false	0.4422
false	0.3917
false	0.2931
false	0.2885
true	0.6586
false	0.3536
false	0.4027
false	0.4399
false	0.4777
true	0.5446
false	0.3243
false	0.3010
false	0.4935
true	0.6079
true	0.5529
false	0.4285
false	0.3633
false	0.2269
false	0.3935
false	0.4894
false	0.3670
false	0.2989
false	0.2763
true	0.5827
false	0.3408
true	0.5496
true	0.7318
true	0.7023
false	0.4340
false	0.4100
false	0.4201
true	0.5547
true	0.6877
false	0.3271
false	0.2873
false	0.4049
true	0.5108
false	0.3823
true	0.5088
false	0.3814
true	0.5407
false	0.2334
true	0.5251
false	0.3890
true	0.5886
true	0.6988
false	0.4437
false	0.4008
false	0.4835
false	0.2549
false	0.2812
false	0.1729
true	0.5441
false	0.1905
false	0.1180
false	0.1041
false	0.2202
false	0.0969
false	0.3251
false	0.3848
false	0.3840
false	0.3214
false	0.4719
true	0.5772
false	0.2612
false	0.2838
true	0.6200
false	0.4561
false	0.4594
true	0.7750
true	0.6128
true	0.7853
true	0.5204
false	0.4335
false	0.4705
false	0.3202
false	0.4350
true	0.5940
false	0.3391
false	0.4534
false	0.3347
false	0.3193
false	0.4108
false	0.3586
false	0.3718
true	0.5609
true	0.5367
false	0.4521
false	0.4373
false	0.4351
false	0.3510
true	0.5630
false	0.1310
false	0.1706
true	0.5398
false	0.3350
false	0.2786
false	0.4125
false	0.4473
false	0.3429
false	0.3483
false	0.2643
false	0.2628
true	0.6309
true	0.5333
true	0.5035
true	0.5938
false	0.4396
false	0.4789
false	0.4337
true	0.5778
false	0.2804
false	0.3345
false	0.1720
true	0.6153
false	0.4496
false	0.4539
false	0.4100
false	0.4040
false	0.3698
false	0.4560
false	0.2114
false	0.3856
false	0.3602
false	0.4274
false	0.3710
false	0.2252
false	0.4074
true	0.5404
true	0.6175
false	0.2979
false	0.4845
false	0.1771
true	0.5597
false	0.4656
false	0.4484
false	0.4978
true	0.5321
false	0.4584
true	0.5132
true	0.5103
false	0.3560
true	0.5144
false	0.3726
false	0.3636
false	0.4460
true	0.6372
true	0.5229
false	0.4237
false	0.4377
false	0.3039
true	0.6780
true	0.6536
false	0.3407
false	0.2628
false	0.4789
false	0.2379
false	0.4442
false	0.4448
false	0.2969
false	0.3348
false	0.4771
true	0.5142
false	0.3442
false	0.4188
true	0.5221
false	0.4440
false	0.4520
false	0.2901
false	0.4321
false	0.4125
false	0.3662
false	0.4178
true	0.5191
false	0.4179
false	0.3940
true	0.6347
true	0.5896
true	0.5237
false	0.4246
false	0.1413
false	0.2945
false	0.4267
false	0.4679
true	0.6413
false	0.4375
true	0.5027
true	0.5767
false	0.3989
false	0.1909
true	0.6081
false	0.4285
false	0.2660
false	0.3595
false	0.4778
false	0.2034
false	0.3600
false	0.3044
false	0.4033
true	0.5349
false	0.1146
false	0.4621
false	0.4924
true	0.5054
false	0.3869
false	0.4586
false	0.2653
false	0.2460
false	0.2197
false	0.2653
false	0.4172
false	0.2635
false	0.4020
false	0.4065
false	0.3228
false	0.4864
true	0.6629
true	0.7522
false	0.3960
false	0.2985
false	0.3424
true	0.6263
false	0.3629
false	0.2144
false	0.3961
true	0.6047
true	0.5175
true	0.5347
false	0.3795
true	0.5727
false	0.4970
true	0.5043
false	0.3666
false	0.4896
true	0.5473
false	0.4129
false	0.4528
false	0.4361
true	0.7855
false	0.3791
false	0.1626
false	0.1761
true	0.5067
false	0.3446
false	0.2905
false	0.4907
false	0.1491
false	0.1718
false	0.2268
false	0.3025
false	0.1921
false	0.1690
false	0.2466
false	0.1011
false	0.3250
false	0.0989
false	0.0840
false	0.1110
false	0.1637
false	0.2835
false	0.2427
false	0.2972
false	0.4620
true	0.5205
false	0.4527
false	0.4327
false	0.3444
false	0.3690
true	0.6114
false	0.4588
false	0.4549
false	0.2266
false	0.3160
false	0.3156
false	0.4145
false	0.4554
false	0.3709
true	0.5210
false	0.2661
false	0.4416
true	0.5605
false	0.3201
false	0.2894
false	0.3868
true	0.5019
false	0.1486
true	0.5117
true	0.5128
true	0.6978
true	0.8098
true	0.5635
true	0.5896
false	0.4634
true	0.6611
false	0.4091
true	0.5326
false	0.4914
false	0.4110
false	0.3963
true	0.5980
false	0.4925
false	0.2101
false	0.2860
false	0.4104
false	0.3018
true	0.5601
false	0.4677
false	0.3758
false	0.3687
false	0.2540
false	0.3930
false	0.3350
true	0.5989
true	0.7096
false	0.4714
true	0.6585
false	0.3864
true	0.5782
true	0.6395
true	0.6119
false	0.2611
true	0.5375
false	0.3548
false	0.3854
false	0.0943
true	0.6927
true	0.5460
false	0.4310
false	0.3394
false	0.3563
false	0.1228
false	0.2408
false	0.2009
false	0.2359
false	0.1547
false	0.2210
false	0.3325
true	0.6018
false	0.3950
false	0.3898
false	0.4541
true	0.5892
true	0.6382
false	0.1708
false	0.3962
false	0.3311
false	0.3426
false	0.4077
false	0.2071
true	0.5300
true	0.5040
false	0.3397
true	0.5196
false	0.4879
true	0.5608
true	0.6133
true	0.7431
false	0.3780
true	0.5633
true	0.5302
true	0.6283
false	0.2206
false	0.3996
false	0.4332
true	0.5311
true	0.5399
true	0.5279
true	0.6271
true	0.5655
false	0.4128
true	0.5575
true	0.5451
true	0.6630
false	0.3630
false	0.4222
false	0.1426
false	0.2628
false	0.1472
false	0.2285
false	0.1717
false	0.2822
true	0.7334
false	0.3153
false	0.4461
false	0.4701
true	0.5436
false	0.3752
false	0.1397
false	0.2324
false	0.4087
false	0.4398
false	0.4708
true	0.5108
false	0.3571
true	0.5999
false	0.4611
false	0.1783
false	0.3194
false	0.3066
false	0.4121
false	0.2756
false	0.4356
true	0.7512
false	0.2860
false	0.4772
false	0.4785
false	0.2107
false	0.2571
false	0.2553
false	0.3926
false	0.2842
false	0.4244
false	0.4382
false	0.2390
true	0.8222
false	0.4067
false	0.3707
false	0.4932
false	0.2909
false	0.3958
false	0.2432
false	0.2081
false	0.3166
false	0.3226
false	0.4683
false	0.1758
false	0.3679
true	0.5337
false	0.3344
false	0.4241
false	0.4801
false	0.1797
false	0.3568
false	0.2343
false	0.4835
true	0.5839
true	0.5413
true	0.6403
false	0.1187
false	0.1447
false	0.0443
false	0.1342
false	0.2930
false	0.4227
false	0.3484
false	0.3980
false	0.2440
false	0.3475
true	0.6171
false	0.3467
false	0.4474
false	0.3355
false	0.4233
false	0.3047
false	0.4379
false	0.3880
false	0.2472
false	0.3924
false	0.3284
true	0.5070
false	0.3838
false	0.4233
false	0.3018
false	0.4065
true	0.5730
false	0.3538
true	0.5920
false	0.2576
false	0.4266
true	0.5118
false	0.3784
false	0.3164
true	0.5476
false	0.2744
false	0.2518
true	0.6191
false	0.4463
true	0.5305
false	0.3799
false	0.3967
false	0.4732
false	0.4431
false	0.4363
false	0.4117
false	0.4881
false	0.4279
false	0.2196
false	0.3581
false	0.2461
false	0.3669
false	0.3659
true	0.5518
true	0.5921
true	0.7753
true	0.7242
true	0.6927
true	0.5744
true	0.6364
false	0.3705
true	0.6159
true	0.7002
true	0.6009
false	0.3959
true	0.5971
false	0.3842
true	0.5249
false	0.2514
true	0.6726
false	0.4580
false	0.3761
true	0.5833
false	0.4579
false	0.2814
true	0.5493
false	0.3507
false	0.2527
true	0.6476
false	0.3098
false	0.4131
false	0.2835
false	0.4266
false	0.3883
false	0.2870
false	0.3514
false	0.2989
false	0.3386
false	0.2895
true	0.6801
true	0.6135
true	0.5649
false	0.4129
true	0.5473
false	0.4767
false	0.4275
false	0.4928
true	0.7798
false	0.2748
true	0.7250
true	0.5268
true	0.5570
true	0.6564
true	0.6069
true	0.7262
true	0.6939
true	0.8011
true	0.5132
true	0.5783
true	0.7132
false	0.4580
true	0.5228
true	0.5825
true	0.5487
true	0.6255
true	0.6402
false	0.4089
false	0.4316
false	0.3315
true	0.6601
false	0.1331
false	0.2774
false	0.1852
false	0.4788
false	0.3719
false	0.2673
false	0.3781
false	0.2209
false	0.4594
true	0.5011
false	0.1562
false	0.3931
false	0.1287
false	0.2570
false	0.4639
false	0.2827
true	0.6458
true	0.5015
false	0.4077
false	0.4444
false	0.4254
false	0.4757
false	0.4132
false	0.2536
true	0.5417
false	0.4105
false	0.1698
false	0.1777
false	0.1162
false	0.1506
false	0.1186
true	0.5017
true	0.5756
true	0.6053
true	0.5866
true	0.6416
true	0.7122
false	0.4222
true	0.5588
false	0.3396
false	0.3143
false	0.3750
false	0.2820
false	0.4442
false	0.2291
false	0.1792
true	0.5470
true	0.6008
false	0.3562
false	0.3703
false	0.4839
false	0.1913
false	0.3590
false	0.3171
false	0.0828
false	0.3494
false	0.4147
false	0.2642
false	0.3280
false	0.3684
false	0.2526
false	0.4959
true	0.6430
true	0.7645
false	0.4286
false	0.3858
false	0.3263
false	0.3125
false	0.2800
false	0.3138
false	0.4708
true	0.5390
false	0.4357
true	0.6654
false	0.3806
false	0.2850
false	0.2659
false	0.3892
false	0.4349
true	0.7086
false	0.4213
false	0.4589
false	0.4918
false	0.4003
false	0.1784
true	0.6398
true	0.5150
false	0.2547
false	0.3636
false	0.2662
false	0.4084
false	0.3048
false	0.3882
true	0.5017
false	0.3248
false	0.1586
false	0.2291
true	0.5369
false	0.4306
false	0.4149
false	0.2482
false	0.2838
true	0.5448
false	0.4244
false	0.4081
false	0.2574
false	0.3704
false	0.2093
false	0.3295
false	0.4821
false	0.4686
true	0.5849
true	0.6253
true	0.8371
false	0.4024
false	0.2216
false	0.4954
false	0.2930
false	0.3142
true	0.7547
true	0.5307
false	0.4460
false	0.2173
true	0.6338
false	0.3241
true	0.5027
false	0.3072
false	0.4686
false	0.1490
false	0.3536
false	0.2351
false	0.3717
false	0.2829
false	0.4250
true	0.5181
false	0.3690
false	0.2690
false	0.3907
false	0.3367
false	0.3010
false	0.3369
false	0.3204
false	0.3524
false	0.1928
false	0.3630
false	0.4974
false	0.1306
false	0.1300
false	0.0741
false	0.3478
false	0.2892
false	0.4780
false	0.2955
false	0.2986
false	0.2869
false	0.3701
false	0.3726
false	0.1029
false	0.1586
false	0.2166
false	0.2004
false	0.3677
false	0.2015
false	0.3221
false	0.2118
true	0.6412
true	0.5099
false	0.3910
true	0.6988
false	0.4814
true	0.5075
false	0.3372
false	0.3883
true	0.5052
false	0.3383
false	0.4753
false	0.4812
false	0.3416
false	0.3712
false	0.2666
true	0.5583
false	0.4012
true	0.5660
true	0.5074
true	0.6198
false	0.3886
true	0.5852
true	0.5823
true	0.5187
false	0.3617
true	0.5566
false	0.4843
true	0.5327
true	0.5687
true	0.5229
false	0.3549
true	0.6741
true	0.6543
false	0.4199
false	0.3256
false	0.4048
false	0.3395
true	0.5454
true	0.5170
false	0.2684
true	0.6161
false	0.4178
false	0.3552
false	0.4309
false	0.3096
false	0.3919
false	0.2708
false	0.2706
false	0.4422
true	0.6153
false	0.3982
true	0.5220
false	0.3957
false	0.4980
false	0.4001
false	0.4359
true	0.6054
true	0.5245
true	0.6143
true	0.5855
true	0.6529
false	0.4596
false	0.4313
false	0.1957
