false	0.1735
false	0.3565
false	0.2158
false	0.1381
false	0.2268
false	0.1967
false	0.0913
false	0.3000
false	0.1368
false	0.2011
false	0.1385
false	0.1525
false	0.2728
false	0.1449
false	0.1277
false	0.1998
false	0.1848
false	0.1644
true	0.6447
false	0.1504
false	0.1959
false	0.2943
false	0.1504
false	0.1146
false	0.1889
false	0.1477
false	0.4426
false	0.2337
true	0.7042
false	0.3709
false	0.2129
false	0.1763
false	0.1722
false	0.1476
false	0.2545
false	0.1218
false	0.1243
false	0.1174
false	0.0936
false	0.2608
false	0.1405
false	0.2425
false	0.3720
false	0.1684
false	0.2175
false	0.2337
false	0.3362
false	0.1160
false	0.1989
false	0.1760
false	0.1233
false	0.2725
false	0.1119
false	0.1523
false	0.0747
true	0.6257
false	0.2057
false	0.1600
false	0.3730
false	0.4788
false	0.1284
false	0.0948
false	0.2177
false	0.3009
false	0.0916
false	0.2295
false	0.2207
false	0.1251
false	0.0670
false	0.1898
false	0.2568
false	0.1073
false	0.1395
false	0.2070
false	0.1584
false	0.3875
false	0.0712
false	0.4824
true	0.6567
false	0.4653
true	0.7252
true	0.6042
false	0.1706
false	0.2073
false	0.3285
false	0.1168
false	0.4002
false	0.2397
false	0.1593
false	0.0959
false	0.3144
false	0.3772
false	0.1849
true	0.6727
false	0.2162
false	0.1045
false	0.1546
false	0.0467
false	0.0545
false	0.0750
false	0.0412
false	0.1593
false	0.0977
false	0.0985
false	0.0592
false	0.1963
false	0.1221
false	0.0767
false	0.0623
false	0.1787
false	0.1229
false	0.2809
false	0.0579
false	0.0919
false	0.0658
false	0.1609
false	0.1154
false	0.0622
false	0.0774
false	0.0782
false	0.3347
false	0.2143
false	0.3244
false	0.2866
true	0.5036
false	0.2345
false	0.0782
false	0.0974
false	0.2837
false	0.1727
false	0.1263
false	0.2290
false	0.0973
false	0.1579
false	0.1478
false	0.4746
false	0.2642
false	0.1285
false	0.0527
false	0.1622
false	0.2737
false	0.2653
false	0.0826
false	0.3334
false	0.3087
false	0.3166
false	0.0891
false	0.1486
false	0.2253
false	0.2498
false	0.4891
false	0.2589
true	0.6728
false	0.2791
true	0.6495
false	0.3588
false	0.4584
false	0.3643
false	0.4238
false	0.0738
false	0.2258
false	0.2858
false	0.1773
false	0.1029
false	0.0474
false	0.2323
false	0.1762
false	0.2214
false	0.1119
false	0.0760
false	0.1077
false	0.3206
false	0.0846
false	0.2792
false	0.1370
false	0.3872
false	0.2386
false	0.2286
false	0.0712
false	0.2537
false	0.0509
false	0.1382
false	0.2940
false	0.1364
false	0.1729
false	0.0727
false	0.3023
false	0.1483
false	0.1190
false	0.2442
false	0.2473
false	0.1504
false	0.2487
false	0.1758
false	0.2871
false	0.2939
false	0.1068
false	0.1102
false	0.2099
false	0.2233
false	0.0760
false	0.2502
false	0.1531
false	0.2415
false	0.3454
false	0.4269
true	0.5309
false	0.3675
false	0.4501
false	0.2284
true	0.5461
true	0.8309
false	0.3672
false	0.3054
false	0.1441
false	0.0962
false	0.1030
false	0.1198
false	0.0744
false	0.0571
false	0.0429
false	0.0777
false	0.0581
false	0.1178
false	0.1023
false	0.1003
false	0.0897
false	0.0808
false	0.1073
false	0.1472
false	0.1048
false	0.0901
false	0.1787
false	0.0686
false	0.1500
false	0.1571
false	0.1264
false	0.0916
false	0.0981
false	0.0559
false	0.1844
false	0.0929
false	0.1211
false	0.0566
false	0.1121
false	0.3069
false	0.1894
false	0.1510
false	0.1172
false	0.2251
false	0.2934
false	0.1893
false	0.1638
false	0.2812
false	0.1461
false	0.3004
false	0.1487
false	0.1724
false	0.1256
false	0.1776
false	0.1237
false	0.2456
false	0.2313
false	0.2562
false	0.1395
false	0.1991
false	0.1285
false	0.1325
false	0.1342
false	0.1029
false	0.1932
false	0.2559
false	0.3653
false	0.2889
false	0.2679
false	0.2669
false	0.3226
false	0.4663
false	0.1719
false	0.3259
false	0.2707
false	0.1311
false	0.1899
false	0.2860
false	0.2675
false	0.2569
false	0.1206
false	0.4601
false	0.4981
false	0.4176
true	0.5109
false	0.2791
false	0.1569
false	0.1261
false	0.0735
false	0.1062
false	0.1608
false	0.1181
false	0.0703
false	0.1508
false	0.0905
false	0.1551
false	0.1806
false	0.1293
false	0.1513
false	0.0789
false	0.1062
false	0.0560
false	0.1244
false	0.1688
false	0.1205
false	0.2392
false	0.0791
false	0.0986
false	0.1075
true	0.5188
true	0.7963
true	0.8535
true	0.8345
true	0.7505
true	0.5961
false	0.2092
false	0.3585
true	0.7965
true	0.5863
false	0.3687
true	0.8028
true	0.8196
true	0.8309
false	0.4986
true	0.7418
true	0.5491
true	0.5557
true	0.6890
false	0.3086
true	0.7953
true	0.8066
false	0.1804
false	0.1476
false	0.0691
false	0.3145
false	0.1653
false	0.1359
false	0.0997
false	0.0652
false	0.1047
false	0.0871
false	0.0857
false	0.0726
false	0.1652
false	0.2807
false	0.2380
false	0.2538
false	0.2370
false	0.1970
false	0.3747
true	0.6583
true	0.6932
true	0.5829
true	0.5088
false	0.4463
true	0.6866
false	0.4819
false	0.3535
true	0.5902
false	0.4580
false	0.1919
true	0.5743
true	0.5176
false	0.2657
false	0.2629
false	0.4664
false	0.2982
false	0.3146
false	0.3721
true	0.5840
true	0.8599
true	0.6493
true	0.7081
false	0.1115
false	0.3872
false	0.0853
false	0.2624
false	0.2544
false	0.1271
false	0.1416
false	0.0667
false	0.0552
false	0.0862
false	0.0752
false	0.1034
false	0.0721
false	0.0441
false	0.1543
false	0.0896
false	0.0679
false	0.0510
false	0.0732
false	0.0924
false	0.1907
false	0.1930
false	0.1737
false	0.1451
false	0.1367
false	0.1791
false	0.1529
true	0.6629
false	0.2491
false	0.4771
false	0.1490
false	0.3191
false	0.3172
false	0.1000
true	0.7696
true	0.5817
true	0.6117
true	0.7812
false	0.3077
true	0.8570
false	0.2100
true	0.5949
false	0.4923
true	0.5327
false	0.2686
false	0.1454
false	0.0653
false	0.0716
false	0.0665
false	0.0581
false	0.1754
false	0.0973
false	0.0890
false	0.1353
false	0.1103
false	0.2385
false	0.0481
false	0.0794
false	0.0925
false	0.1356
false	0.0565
false	0.1196
false	0.4144
false	0.2758
false	0.2817
false	0.2735
false	0.1425
false	0.1523
false	0.2149
false	0.1897
false	0.0750
false	0.0696
false	0.1231
false	0.0567
false	0.1677
false	0.2678
false	0.2533
false	0.4297
false	0.0989
false	0.0943
false	0.1443
false	0.0985
false	0.2642
false	0.1797
false	0.0640
false	0.2048
true	0.5178
false	0.2654
false	0.4002
true	0.6225
true	0.5780
true	0.6146
true	0.7787
true	0.6805
false	0.4385
true	0.6875
false	0.2470
true	0.5538
false	0.2695
false	0.3357
false	0.2239
true	0.5667
true	0.6105
false	0.1060
true	0.7489
false	0.2728
false	0.2616
false	0.4848
true	0.6627
true	0.5502
false	0.4070
false	0.4927
false	0.2546
true	0.5333
false	0.3958
true	0.5354
true	0.6135
true	0.6590
true	0.7582
false	0.4083
false	0.3335
false	0.4459
false	0.4609
false	0.4998
true	0.6103
true	0.5960
false	0.2360
true	0.6411
false	0.4233
false	0.4886
false	0.3011
false	0.1117
false	0.1624
false	0.2411
false	0.1446
false	0.1251
false	0.2150
false	0.3135
false	0.2452
false	0.3690
true	0.5932
false	0.4107
false	0.2641
false	0.0937
false	0.1433
false	0.1794
false	0.2355
false	0.3493
false	0.0874
false	0.1717
false	0.0975
false	0.1020
false	0.2985
false	0.1763
false	0.1549
false	0.2052
false	0.1023
false	0.2983
false	0.1396
false	0.0611
false	0.1289
false	0.2661
false	0.0998
false	0.1446
false	0.1351
false	0.1162
false	0.2469
false	0.4026
false	0.1971
false	0.4480
false	0.4095
false	0.3827
false	0.4353
false	0.4864
false	0.3466
false	0.1979
false	0.1520
false	0.0989
false	0.1388
false	0.3495
false	0.3147
false	0.0983
false	0.1124
false	0.1309
false	0.0335
false	0.0838
false	0.0880
false	0.3172
false	0.0745
false	0.0877
false	0.1128
false	0.0427
false	0.1656
false	0.4023
false	0.0862
false	0.1353
false	0.1074
false	0.1193
false	0.3290
false	0.1470
false	0.0544
false	0.0965
false	0.1124
false	0.2112
false	0.2485
false	0.1043
false	0.3775
true	0.5103
false	0.4766
true	0.7587
false	0.3736
false	0.3260
true	0.6064
false	0.2908
false	0.4296
false	0.4723
false	0.4113
false	0.4588
true	0.7988
false	0.4882
false	0.2705
true	0.5461
false	0.4136
true	0.6888
true	0.8110
false	0.4124
false	0.2781
false	0.1419
false	0.1540
false	0.1043
false	0.4816
false	0.1579
false	0.1063
false	0.2064
false	0.1330
false	0.2305
false	0.1637
false	0.1103
false	0.1571
false	0.2940
false	0.2014
false	0.2205
false	0.0842
false	0.2707
false	0.2832
false	0.1891
false	0.3688
false	0.1681
false	0.1133
false	0.1381
false	0.1885
false	0.1276
false	0.4043
false	0.1235
false	0.1834
false	0.1766
false	0.0515
false	0.1575
false	0.2932
false	0.1878
false	0.2511
false	0.2186
false	0.2859
false	0.3005
false	0.1017
false	0.1664
false	0.0642
false	0.1400
false	0.1144
false	0.0928
false	0.0742
false	0.1208
false	0.1256
false	0.1823
false	0.0775
false	0.0852
false	0.0760
false	0.2209
false	0.0341
false	0.1184
false	0.2109
false	0.1512
false	0.2699
false	0.0899
false	0.1000
false	0.0766
false	0.2911
false	0.1455
false	0.1505
false	0.0711
false	0.0976
false	0.2863
false	0.1975
false	0.1642
false	0.1256
false	0.2622
false	0.0911
false	0.0550
false	0.0332
false	0.0670
false	0.1907
false	0.1960
false	0.2988
false	0.1901
false	0.0824
false	0.0671
false	0.0772
false	0.2762
false	0.0796
false	0.4178
false	0.1072
false	0.0591
false	0.1010
false	0.2856
false	0.0538
false	0.2286
false	0.1510
false	0.1253
false	0.3992
false	0.2045
false	0.0731
false	0.0927
false	0.1433
false	0.1414
false	0.2534
false	0.0981
false	0.0955
false	0.1199
false	0.0665
false	0.1269
false	0.1148
false	0.2456
false	0.1386
false	0.3049
false	0.1268
false	0.0919
false	0.1097
false	0.1318
false	0.1008
false	0.1282
false	0.1494
false	0.1160
false	0.1088
false	0.2007
false	0.1584
false	0.0825
false	0.1154
false	0.0875
false	0.0894
false	0.1096
false	0.1210
false	0.1157
false	0.0732
false	0.1294
false	0.0960
false	0.0971
false	0.1098
false	0.4886
false	0.2735
false	0.1976
false	0.4080
false	0.1213
false	0.1078
false	0.1041
false	0.0449
false	0.0845
false	0.1693
false	0.2907
false	0.1835
false	0.3975
false	0.2201
false	0.1486
false	0.2628
false	0.0553
false	0.3529
false	0.2288
false	0.2685
false	0.2809
false	0.1246
false	0.0809
false	0.1985
false	0.0553
false	0.2194
false	0.2868
false	0.2159
false	0.3840
false	0.0771
false	0.0825
false	0.0857
false	0.1803
false	0.0527
false	0.1867
false	0.2823
true	0.5540
false	0.1630
false	0.2013
true	0.5259
false	0.0970
false	0.4494
false	0.3799
false	0.4473
false	0.1872
true	0.5594
false	0.1111
false	0.1420
false	0.2627
false	0.2310
false	0.1260
false	0.1852
false	0.2422
false	0.1749
false	0.2075
false	0.1977
false	0.1170
false	0.3207
false	0.1075
false	0.2028
false	0.2123
false	0.3038
false	0.0744
true	0.7451
false	0.2837
false	0.2569
false	0.2486
false	0.2533
false	0.1337
false	0.2354
false	0.4872
false	0.3163
false	0.1745
false	0.1297
false	0.1586
false	0.2460
false	0.1757
false	0.2945
false	0.1335
false	0.2426
false	0.4226
false	0.1219
false	0.2924
true	0.5899
false	0.1252
false	0.1834
false	0.3379
false	0.1486
true	0.6032
false	0.3266
false	0.3599
false	0.1302
false	0.3240
true	0.5224
false	0.0954
true	0.5435
true	0.6133
false	0.2608
false	0.2138
false	0.2742
false	0.1955
false	0.4165
