false	0.4158
false	0.3788
false	0.4741
true	0.5653
true	0.5453
false	0.2604
false	0.2417
false	0.4709
false	0.4576
false	0.3600
false	0.4762
false	0.3498
true	0.5593
false	0.2109
false	0.4062
false	0.3862
false	0.3389
false	0.2168
true	0.5305
true	0.5194
false	0.3356
true	0.5036
false	0.4237
false	0.1049
false	0.4179
false	0.4953
false	0.4880
false	0.2268
false	0.1121
false	0.3657
false	0.2822
false	0.1486
false	0.1848
false	0.2242
false	0.3671
false	0.2857
false	0.2181
false	0.3980
false	0.2388
false	0.3606
false	0.3638
false	0.3042
false	0.3150
false	0.3929
true	0.5109
false	0.2439
true	0.6038
false	0.1582
false	0.4239
false	0.2868
false	0.3421
false	0.2660
false	0.1466
true	0.5362
false	0.3718
true	0.5588
false	0.2667
false	0.3845
true	0.5355
false	0.4854
true	0.5532
true	0.5240
false	0.4017
false	0.1771
false	0.2987
false	0.4749
false	0.3438
false	0.2901
false	0.3476
false	0.2314
false	0.3186
true	0.5204
false	0.2997
true	0.5334
false	0.3201
false	0.3840
false	0.4435
false	0.4459
true	0.5016
true	0.6495
true	0.5179
false	0.4445
false	0.4136
false	0.2224
false	0.2030
false	0.4389
false	0.3230
false	0.4676
false	0.4668
false	0.3887
false	0.3417
false	0.4712
false	0.4577
true	0.5068
true	0.5516
false	0.3525
false	0.3678
false	0.2546
false	0.1644
false	0.2470
false	0.2773
false	0.3481
false	0.2934
false	0.3464
false	0.0545
false	0.4088
false	0.3850
false	0.4918
false	0.3143
false	0.4270
false	0.3713
false	0.4033
false	0.2577
false	0.2528
false	0.1868
false	0.4007
false	0.1623
false	0.3317
true	0.5110
false	0.3614
false	0.3820
false	0.4763
false	0.4438
true	0.5507
true	0.5532
false	0.3324
false	0.3385
false	0.3294
false	0.2536
false	0.2755
false	0.3756
false	0.4322
false	0.3819
false	0.1777
true	0.5435
false	0.3607
true	0.6794
false	0.3644
false	0.4127
true	0.5270
false	0.0152
false	0.3600
false	0.0958
false	0.3901
false	0.3527
false	0.4079
true	0.5491
true	0.5359
false	0.3575
true	0.6157
true	0.5261
true	0.5682
true	0.6662
false	0.4317
false	0.4201
false	0.3133
false	0.4783
true	0.5771
true	0.5054
false	0.4163
true	0.5796
true	0.5297
false	0.2952
true	0.5436
false	0.1492
false	0.4525
false	0.4455
true	0.5857
false	0.3974
false	0.1177
false	0.1618
false	0.3828
false	0.2760
false	0.3890
true	0.6056
false	0.3662
false	0.4263
false	0.2700
false	0.4574
false	0.4014
false	0.2859
true	0.5032
false	0.3636
false	0.2782
false	0.2849
false	0.2270
false	0.2715
false	0.3834
false	0.4457
false	0.4035
false	0.1373
true	0.5080
false	0.3954
false	0.3758
true	0.6081
false	0.4865
false	0.3049
false	0.4568
false	0.4663
true	0.5306
false	0.4763
true	0.6319
false	0.4942
false	0.4794
false	0.4458
false	0.3299
false	0.3894
false	0.1901
true	0.6040
false	0.2854
false	0.3863
false	0.4866
false	0.3187
false	0.4783
false	0.2777
false	0.3632
false	0.2795
false	0.3777
false	0.3466
false	0.1771
false	0.2717
false	0.3269
false	0.1546
false	0.4010
true	0.5428
false	0.3020
false	0.3905
false	0.3851
false	0.2137
false	0.2079
false	0.2203
false	0.2841
false	0.3208
false	0.1877
false	0.1613
false	0.2436
false	0.3731
false	0.1711
false	0.2155
false	0.0908
false	0.1771
false	0.2461
false	0.3993
false	0.2688
false	0.3931
true	0.5736
false	0.2336
false	0.3021
false	0.4713
false	0.1708
false	0.2899
false	0.1107
false	0.2706
true	0.5158
false	0.3286
false	0.2465
false	0.1930
false	0.3487
false	0.4205
false	0.4182
false	0.4165
false	0.4154
false	0.3586
false	0.3428
false	0.3100
false	0.1871
false	0.3249
false	0.2151
false	0.1472
false	0.3678
false	0.1708
false	0.3078
true	0.5383
true	0.5739
false	0.4380
false	0.3526
true	0.5461
true	0.5555
false	0.4336
false	0.4936
false	0.4854
true	0.6155
false	0.3506
false	0.4645
false	0.4019
false	0.4154
false	0.3638
false	0.3859
false	0.3678
false	0.3913
true	0.5793
false	0.3656
true	0.5110
false	0.4945
true	0.6034
false	0.3033
false	0.4668
false	0.4138
false	0.4692
false	0.2605
false	0.2612
true	0.5028
false	0.4470
false	0.3060
false	0.2633
false	0.0649
false	0.1855
false	0.1496
false	0.4077
false	0.4293
false	0.4597
true	0.5828
false	0.3872
false	0.3882
false	0.2093
true	0.6083
false	0.3563
true	0.5889
true	0.5926
false	0.4762
true	0.5710
true	0.5721
false	0.2230
false	0.4591
false	0.3330
false	0.3894
true	0.5516
false	0.4086
false	0.4993
false	0.2899
true	0.5337
false	0.3961
false	0.2865
true	0.5351
false	0.2707
true	0.5464
false	0.3599
false	0.3756
true	0.6181
false	0.4727
false	0.4789
false	0.4748
false	0.3791
false	0.4094
false	0.2798
false	0.3112
false	0.3230
false	0.4076
false	0.3075
false	0.4802
true	0.5255
true	0.5826
false	0.4902
true	0.5051
false	0.3941
false	0.3999
false	0.4530
false	0.3943
false	0.4061
false	0.3698
false	0.1344
true	0.5102
false	0.1884
false	0.3632
true	0.6851
false	0.4269
false	0.4087
false	0.4729
false	0.4434
false	0.2290
false	0.4019
false	0.4255
false	0.1281
false	0.2406
false	0.2612
false	0.3740
true	0.5760
false	0.2943
false	0.3668
false	0.2829
false	0.3758
false	0.0448
false	0.0957
false	0.3566
false	0.1794
false	0.1619
false	0.3879
false	0.0616
false	0.1082
false	0.1342
false	0.2643
false	0.4054
false	0.1443
false	0.3206
false	0.1400
false	0.2033
false	0.0654
false	0.1724
false	0.4031
false	0.1390
false	0.1063
false	0.1487
false	0.1412
false	0.4590
true	0.6551
true	0.6713
true	0.5405
true	0.6119
false	0.4337
true	0.5136
true	0.5932
true	0.5580
false	0.2239
true	0.6181
true	0.6227
false	0.4581
false	0.4068
false	0.3616
false	0.4364
false	0.3246
true	0.5222
false	0.4931
true	0.6075
false	0.3778
false	0.3322
false	0.4464
false	0.4958
false	0.2466
false	0.3405
false	0.2515
false	0.3339
false	0.1916
false	0.2855
false	0.3087
false	0.4662
false	0.4820
false	0.4169
false	0.4520
false	0.3056
false	0.4286
true	0.5119
false	0.4248
true	0.5329
false	0.4246
false	0.3441
false	0.4118
false	0.2345
false	0.3663
true	0.5694
false	0.3714
false	0.1691
false	0.3843
false	0.2111
false	0.3084
false	0.3698
false	0.2098
false	0.1942
false	0.0597
false	0.2919
false	0.1838
false	0.3876
false	0.3346
true	0.5271
false	0.2472
false	0.4320
false	0.3630
false	0.4245
false	0.3924
false	0.4620
false	0.4552
true	0.5770
false	0.2462
false	0.2399
false	0.3796
false	0.3472
false	0.4337
false	0.3968
true	0.5830
false	0.4523
false	0.4790
true	0.5037
false	0.4453
false	0.1546
false	0.4568
false	0.2465
false	0.3545
true	0.5248
true	0.6665
false	0.3617
false	0.4725
true	0.6822
false	0.1119
true	0.6391
false	0.0310
false	0.1522
false	0.2888
false	0.3618
false	0.2773
false	0.2649
false	0.2911
false	0.4371
false	0.4461
false	0.4298
false	0.2390
false	0.4122
false	0.2899
true	0.5951
false	0.1572
false	0.3104
false	0.4462
false	0.1152
false	0.4229
false	0.4981
false	0.1944
false	0.1614
false	0.3408
true	0.5037
true	0.5079
true	0.5286
false	0.3485
false	0.4424
false	0.4437
false	0.4013
false	0.3779
true	0.5014
true	0.5326
false	0.2512
false	0.3782
false	0.4271
false	0.2699
false	0.2201
false	0.4528
false	0.2251
false	0.3184
false	0.3915
false	0.2228
false	0.2681
false	0.3203
false	0.2805
false	0.2721
true	0.7221
true	0.5428
true	0.6677
true	0.5760
true	0.6470
true	0.6848
true	0.6135
true	0.6231
true	0.6452
true	0.6643
false	0.4832
true	0.5256
true	0.5620
false	0.3074
true	0.5568
true	0.5074
true	0.6156
true	0.5591
true	0.7604
true	0.6326
false	0.3216
false	0.3380
false	0.3179
false	0.1609
false	0.1500
false	0.2979
false	0.3012
false	0.4545
false	0.1809
false	0.3371
false	0.3067
false	0.2977
false	0.4820
false	0.4290
false	0.2030
false	0.2499
false	0.2247
false	0.4633
false	0.3393
false	0.1012
false	0.3460
false	0.2083
false	0.2156
false	0.3366
false	0.3141
true	0.5210
true	0.5397
true	0.5745
true	0.7167
true	0.5094
true	0.6279
true	0.7165
true	0.7368
true	0.7009
true	0.6725
true	0.6063
true	0.6771
false	0.4947
false	0.4096
false	0.3962
true	0.5260
true	0.5746
true	0.6279
true	0.5622
false	0.4109
false	0.1040
false	0.2352
false	0.3319
false	0.4512
false	0.2114
false	0.2238
false	0.2214
false	0.2527
false	0.3196
false	0.1680
false	0.3472
false	0.4664
false	0.1962
false	0.2063
false	0.1141
false	0.4316
false	0.4038
false	0.1055
false	0.1845
false	0.2769
false	0.3642
false	0.3564
true	0.5001
false	0.4273
false	0.2997
false	0.3584
false	0.2772
false	0.2442
false	0.2198
false	0.1480
false	0.1961
false	0.2749
false	0.1669
false	0.1924
false	0.2920
false	0.1602
false	0.2953
false	0.2074
false	0.2264
false	0.4023
false	0.2189
false	0.3039
false	0.3075
false	0.3213
false	0.0903
false	0.3481
false	0.1667
false	0.0728
false	0.4888
false	0.2351
false	0.1329
false	0.2228
false	0.0793
false	0.1386
false	0.1573
false	0.2421
false	0.2117
false	0.1248
false	0.1021
false	0.2566
false	0.4470
false	0.3544
false	0.4090
false	0.2578
false	0.3037
false	0.3814
false	0.2277
false	0.3498
false	0.2445
false	0.4096
false	0.2140
false	0.1903
false	0.2058
false	0.1144
false	0.3253
false	0.3814
false	0.2846
false	0.3672
false	0.3695
false	0.3138
false	0.1373
false	0.3953
false	0.2610
false	0.2569
false	0.3715
false	0.1819
false	0.2711
false	0.2026
false	0.0940
false	0.2170
false	0.3642
false	0.4809
true	0.5302
false	0.1548
false	0.2383
false	0.3030
false	0.4427
false	0.3190
false	0.3637
false	0.3661
false	0.2833
false	0.1284
false	0.2382
false	0.1859
false	0.4210
true	0.5145
false	0.4617
true	0.5692
false	0.2278
false	0.2585
false	0.1728
false	0.1829
false	0.3132
false	0.3301
false	0.3939
false	0.3836
false	0.2674
false	0.1997
false	0.4065
false	0.1923
false	0.3873
false	0.2416
false	0.1968
false	0.2182
false	0.1430
false	0.3499
false	0.1085
false	0.4995
false	0.3169
false	0.4911
false	0.3910
true	0.5331
false	0.1795
false	0.1661
false	0.1591
false	0.4179
false	0.1529
false	0.4980
false	0.2778
false	0.2593
false	0.3293
false	0.3534
false	0.1555
false	0.4380
false	0.3734
false	0.1995
false	0.3041
false	0.0575
true	0.5617
false	0.4501
false	0.2735
false	0.3899
false	0.2372
false	0.1971
false	0.0892
false	0.2202
false	0.4633
false	0.2023
false	0.3795
false	0.4069
false	0.1007
false	0.2489
false	0.1756
false	0.3858
false	0.1628
false	0.2968
false	0.3256
false	0.3117
false	0.1703
false	0.3097
true	0.5249
false	0.3411
false	0.2949
false	0.4396
false	0.3990
true	0.5280
true	0.5526
false	0.2517
true	0.5048
false	0.4261
true	0.5354
false	0.4493
false	0.3163
true	0.5507
false	0.2666
true	0.5034
true	0.5092
true	0.6532
true	0.6050
false	0.3023
false	0.4918
false	0.4767
false	0.2636
false	0.4895
true	0.5887
true	0.5689
false	0.4130
true	0.5032
true	0.6750
false	0.4111
true	0.5135
false	0.4198
false	0.3677
false	0.2624
false	0.3271
false	0.4190
false	0.2251
false	0.0882
false	0.2806
false	0.1644
false	0.2845
false	0.2429
false	0.1060
false	0.1064
false	0.3226
false	0.2041
false	0.3093
false	0.1968
false	0.2018
false	0.2558
false	0.2240
false	0.3185
false	0.0876
false	0.1180
false	0.1306
false	0.2442
false	0.2514
false	0.2567
false	0.2706
false	0.2135
false	0.2690
false	0.1816
false	0.2474
